<?xml version="1.0" encoding="UTF-8"?>
<testng-results skipped="0" failed="0" ignored="0" total="1" passed="1">
  <reporter-output>
    <line>
      <![CDATA[Setting up reports and Test is getting started]]>
    </line>
    <line>
      <![CDATA[Setting  done and Test get Started]]>
    </line>
    <line>
      <![CDATA[Setting up Browsers and app url]]>
    </line>
    <line>
      <![CDATA[Setting done and Browser has launched and Application is strat]]>
    </line>
    <line>
      <![CDATA[Test case is running]]>
    </line>
    <line>
      <![CDATA[TestCase completed]]>
    </line>
    <line>
      <![CDATA[Test is about to end and creating report internally]]>
    </line>
    <line>
      <![CDATA[ Test Completed >>>Reports Generated]]>
    </line>
    <line>
      <![CDATA[Browser has closed]]>
    </line>
  </reporter-output>
  <suite name="Suite" duration-ms="30921" started-at="2021-05-02T12:54:26Z" finished-at="2021-05-02T12:54:57Z">
    <groups>
    </groups>
    <test name="Test" duration-ms="30921" started-at="2021-05-02T12:54:26Z" finished-at="2021-05-02T12:54:57Z">
      <class name="com.learnautomation.testcases.LoginTestCRM">
        <test-method status="PASS" signature="setupSuite()[pri:0, instance:com.learnautomation.testcases.LoginTestCRM@180cb77]" name="setupSuite" is-config="true" duration-ms="2258" started-at="2021-05-02T12:54:24Z" finished-at="2021-05-02T12:54:26Z">
          <reporter-output>
            <line>
              <![CDATA[Setting up reports and Test is getting started]]>
            </line>
            <line>
              <![CDATA[Setting  done and Test get Started]]>
            </line>
          </reporter-output>
        </test-method> <!-- setupSuite -->
        <test-method status="PASS" signature="setup()[pri:0, instance:com.learnautomation.testcases.LoginTestCRM@180cb77]" name="setup" is-config="true" duration-ms="15666" started-at="2021-05-02T12:54:26Z" finished-at="2021-05-02T12:54:42Z">
          <reporter-output>
            <line>
              <![CDATA[Setting up Browsers and app url]]>
            </line>
            <line>
              <![CDATA[Setting done and Browser has launched and Application is strat]]>
            </line>
          </reporter-output>
        </test-method> <!-- setup -->
        <test-method status="PASS" signature="loginApp()[pri:1, instance:com.learnautomation.testcases.LoginTestCRM@180cb77]" name="loginApp" duration-ms="12199" started-at="2021-05-02T12:54:42Z" finished-at="2021-05-02T12:54:54Z">
          <reporter-output>
            <line>
              <![CDATA[Test case is running]]>
            </line>
            <line>
              <![CDATA[TestCase completed]]>
            </line>
          </reporter-output>
        </test-method> <!-- loginApp -->
        <test-method status="PASS" signature="tearDownMethod(org.testng.ITestResult)[pri:0, instance:com.learnautomation.testcases.LoginTestCRM@180cb77]" name="tearDownMethod" is-config="true" duration-ms="1555" started-at="2021-05-02T12:54:54Z" finished-at="2021-05-02T12:54:56Z">
          <params>
            <param index="0">
              <value>
                <![CDATA[[TestResult name=loginApp status=SUCCESS method=LoginTestCRM.loginApp()[pri:1, instance:com.learnautomation.testcases.LoginTestCRM@180cb77] output=Test case is running]]]>
              </value>
            </param>
          </params>
          <reporter-output>
            <line>
              <![CDATA[Test is about to end and creating report internally]]>
            </line>
            <line>
              <![CDATA[ Test Completed >>>Reports Generated]]>
            </line>
          </reporter-output>
        </test-method> <!-- tearDownMethod -->
        <test-method status="PASS" signature="tearDown()[pri:0, instance:com.learnautomation.testcases.LoginTestCRM@180cb77]" name="tearDown" is-config="true" duration-ms="1447" started-at="2021-05-02T12:54:56Z" finished-at="2021-05-02T12:54:57Z">
          <reporter-output>
            <line>
              <![CDATA[Browser has closed]]>
            </line>
          </reporter-output>
        </test-method> <!-- tearDown -->
      </class> <!-- com.learnautomation.testcases.LoginTestCRM -->
    </test> <!-- Test -->
  </suite> <!-- Suite -->
</testng-results>
